[04:26:20] [ServerMain/INFO]: [bootstrap] Running Java 21 (OpenJDK 64-Bit Server VM 21.0.5+11-Ubuntu-1ubuntu120.04; Ubuntu null) on Linux 6.5.0-1025-azure (amd64)
[04:26:20] [ServerMain/INFO]: [bootstrap] Loading Paper 1.21.3-63-master@4190ee7 (2024-11-25T18:59:19Z) for Minecraft 1.21.3
[04:26:20] [ServerMain/INFO]: [PluginInitializerManager] Initializing plugins...
[04:26:21] [ServerMain/INFO]: [PluginInitializerManager] Initialized 7 plugins
[04:26:21] [ServerMain/INFO]: [PluginInitializerManager] Bukkit plugins (7):
 - Geyser-Spigot (2.6.0-SNAPSHOT), LoginSecurity (3.3.0), ProtocolLib (5.3.0), ViaBackwards (5.2.0), ViaVersion (5.2.0), floodgate (2.2.3-SNAPSHOT (b114-83fbd6e)), sleep-most (5.5.1)
[04:26:25] [ServerMain/INFO]: Environment: Environment[sessionHost=https://sessionserver.mojang.com, servicesHost=https://api.minecraftservices.com, name=PROD]
[04:26:26] [ServerMain/INFO]: Loaded 1337 recipes
[04:26:26] [ServerMain/INFO]: Loaded 1448 advancements
[04:26:27] [Server thread/INFO]: Starting minecraft server version 1.21.3
[04:26:27] [Server thread/INFO]: Loading properties
[04:26:27] [Server thread/INFO]: This server is running Paper version 1.21.3-63-master@4190ee7 (2024-11-25T18:59:19Z) (Implementing API version 1.21.3-R0.1-SNAPSHOT)
[04:26:27] [Server thread/INFO]: [spark] This server bundles the spark profiler. For more information please visit https://docs.papermc.io/paper/profiling
[04:26:27] [Server thread/INFO]: Server Ping Player Sample Count: 12
[04:26:27] [Server thread/INFO]: Using 4 threads for Netty based IO
[04:26:28] [Server thread/INFO]: [MoonriseCommon] Paper is using 1 worker threads, 1 I/O threads
[04:26:28] [Server thread/INFO]: [ChunkTaskScheduler] Chunk system is using population gen parallelism: true
[04:26:28] [Server thread/INFO]: Default game type: SURVIVAL
[04:26:28] [Server thread/INFO]: Generating keypair
[04:26:28] [Server thread/INFO]: Starting Minecraft server on *:25565
[04:26:28] [Server thread/INFO]: Using epoll channel type
[04:26:28] [Server thread/INFO]: Paper: Using libdeflate (Linux x86_64) compression from Velocity.
[04:26:28] [Server thread/INFO]: Paper: Using OpenSSL 1.1.x (Linux x86_64) cipher from Velocity.
[04:26:30] [Server thread/INFO]: [ViaVersion] Loading server plugin ViaVersion v5.2.0
[04:26:30] [Server thread/INFO]: [ViaVersion] ViaVersion 5.2.0 is now loaded. Registering protocol transformers and injecting...
[04:26:30] [Via-Mappingloader-0/INFO]: [ViaVersion] Loading block connection mappings ...
[04:26:30] [Via-Mappingloader-0/INFO]: [ViaVersion] Using FastUtil Long2ObjectOpenHashMap for block connections
[04:26:31] [Server thread/INFO]: [ViaBackwards] Loading translations...
[04:26:31] [Server thread/INFO]: [ViaBackwards] Registering protocols...
[04:26:31] [Server thread/INFO]: [floodgate] Loading server plugin floodgate v2.2.3-SNAPSHOT (b114-83fbd6e)
[04:26:32] [Server thread/WARN]: [floodgate] en_ is not a supported Floodgate language.
[04:26:32] [Server thread/INFO]: [floodgate] Took 572ms to boot Floodgate
[04:26:32] [Server thread/INFO]: [ProtocolLib] Loading server plugin ProtocolLib v5.3.0
[04:26:32] [Server thread/WARN]: [ProtocolLib] Version (MC: 1.21.3) has not yet been tested! Proceed with caution.
[04:26:32] [Server thread/INFO]: [Geyser-Spigot] Loading server plugin Geyser-Spigot v2.6.0-SNAPSHOT
[04:26:33] [Server thread/INFO]: [Geyser-Spigot] Loading extensions...
[04:26:33] [Server thread/INFO]: [Geyser-Spigot] Loaded 0 extension(s)
[04:26:33] [Server thread/INFO]: [sleep-most] Loading server plugin sleep-most v5.5.1
[04:26:33] [Server thread/INFO]: [ViaBackwards] Loading server plugin ViaBackwards v5.2.0
[04:26:33] [Server thread/INFO]: [LoginSecurity] Loading server plugin LoginSecurity v3.3.0
[04:26:33] [Server thread/INFO]: Server permissions file permissions.yml is empty, ignoring it
[04:26:33] [Server thread/INFO]: [ProtocolLib] Enabling ProtocolLib v5.3.0
[04:26:33] [Server thread/WARN]: **** SERVER IS RUNNING IN OFFLINE/INSECURE MODE!
[04:26:33] [Server thread/WARN]: The server will make no attempt to authenticate usernames. Beware.
[04:26:33] [Server thread/WARN]: While this makes the game possible to play without internet access, it also opens up the ability for hackers to connect with any username they choose.
[04:26:33] [Server thread/WARN]: To change this, set "online-mode" to "true" in the server.properties file.
[04:26:33] [Server thread/INFO]: Preparing level "world"
[04:26:33] [Server thread/INFO]: Preparing start region for dimension minecraft:overworld
[04:26:33] [Server thread/INFO]: Preparing spawn area: 0%
[04:26:34] [Paper Common Worker #0/INFO]: [MCTypeRegistry] Initialising converters for DataConverter...
[04:26:34] [Paper Common Worker #0/INFO]: [MCTypeRegistry] Finished initialising converters for DataConverter in 318.8ms
[04:26:34] [Server thread/INFO]: Preparing spawn area: 2%
[04:26:34] [Server thread/INFO]: Preparing spawn area: 16%
[04:26:34] [Server thread/INFO]: Time elapsed: 1228 ms
[04:26:34] [Server thread/INFO]: Preparing start region for dimension minecraft:the_nether
[04:26:34] [Server thread/INFO]: Preparing spawn area: 0%
[04:26:35] [Server thread/INFO]: Time elapsed: 252 ms
[04:26:35] [Server thread/INFO]: Preparing start region for dimension minecraft:the_end
[04:26:35] [Server thread/INFO]: Preparing spawn area: 0%
[04:26:35] [Server thread/INFO]: Time elapsed: 97 ms
[04:26:35] [Server thread/INFO]: [ViaVersion] Enabling ViaVersion v5.2.0
[04:26:35] [Server thread/INFO]: [ViaVersion] ViaVersion detected server version: 1.21.2-1.21.3 (768)
[04:26:35] [Server thread/INFO]: [floodgate] Enabling floodgate v2.2.3-SNAPSHOT (b114-83fbd6e)
[04:26:35] [Server thread/INFO]: [Geyser-Spigot] Enabling Geyser-Spigot v2.6.0-SNAPSHOT
[04:26:36] [Server thread/INFO]: [sleep-most] Enabling sleep-most v5.5.1
[04:26:36] [Server thread/INFO]: [ViaBackwards] Enabling ViaBackwards v5.2.0
[04:26:36] [Server thread/INFO]: [LoginSecurity] Enabling LoginSecurity v3.3.0
[04:26:36] [Server thread/INFO]: [LoginSecurity] Loading base translations from "en_us"
[04:26:36] [Server thread/INFO]: [LoginSecurity] Loading specified translations from "en_us"
[04:26:36] [Server thread/INFO]: [LoginSecurity] Registering commands...
[04:26:36] [Server thread/INFO]: [LoginSecurity] Registering listeners...
[04:26:36] [Server thread/INFO]: [LoginSecurity] Using 1.12+ map captcha renderer
[04:26:36] [Server thread/INFO]: [spark] Starting background profiler...
[04:26:36] [Server thread/INFO]: [Geyser-Spigot] ******************************************
[04:26:36] [Server thread/INFO]: [Geyser-Spigot] 
[04:26:36] [Server thread/INFO]: [Geyser-Spigot] Loading Geyser version 2.6.0-b731 (git-master-c8dadd8)
[04:26:36] [Server thread/INFO]: [Geyser-Spigot] 
[04:26:36] [Server thread/INFO]: [Geyser-Spigot] ******************************************
[04:26:40] [epollEventLoopGroup-3-2/INFO]: [Geyser-Spigot] Started Geyser on UDP port 19132
[04:26:40] [Server thread/INFO]: [Geyser-Spigot] Done (3.895s)! Run /geyser help for help!
[04:26:40] [pool-15-thread-1/WARN]: [floodgate] 
**********************************
* The prefix you entered in your Floodgate config (b_) could lead to username conflicts!
* Should a Java player join with the username b_Notch, and a Bedrock player join as Notch (who will be given the name b_Notch), unwanted results will happen!
* We strongly recommend using . as the prefix, but other alternatives that will not conflict include: +, - and *
**********************************
[04:26:40] [Server thread/INFO]: Done preparing level "world" (7.569s)
[04:26:40] [Server thread/INFO]: Running delayed init tasks
[04:26:40] [Server thread/INFO]: Done (21.268s)! For help, type "help"
[04:26:40] [Craft Scheduler Thread - 1 - ViaVersion/INFO]: [ViaVersion] Finished mapping loading, shutting down loader executor.
